<?xml version="1.0" encoding="UTF-8"?>
<!-- Generated by org.testng.reporters.JUnitReportReporter -->
<testsuite hostname="DESKTOP-98LH4AI" failures="0" tests="3" name="com.testng.org.ParallelTesting" time="39.096" errors="0" timestamp="04 Mar 2021 14:07:19 GMT" skipped="0">
  <testcase classname="com.testng.org.ParallelTesting" name="amazon" time="15.811"/>
  <testcase classname="com.testng.org.ParallelTesting" name="google" time="6.738"/>
  <testcase classname="com.testng.org.ParallelTesting" name="facebook" time="16.547"/>
</testsuite> <!-- com.testng.org.ParallelTesting -->
