<?xml version="1.0" encoding="UTF-8"?>
<!-- Generated by org.testng.reporters.JUnitReportReporter -->
<testsuite hostname="DESKTOP-98LH4AI" failures="0" tests="4" name="com.testng.org.GroupOfGroup" time="0.024" errors="0" timestamp="04 Mar 2021 05:19:08 GMT" skipped="0">
  <testcase classname="com.testng.org.GroupOfGroup" name="uGdegree" time="0.002"/>
  <testcase classname="com.testng.org.GroupOfGroup" name="phoneNum" time="0.004"/>
  <testcase classname="com.testng.org.GroupOfGroup" name="pGdegree" time="0.002"/>
  <testcase classname="com.testng.org.GroupOfGroup" name="email" time="0.016"/>
</testsuite> <!-- com.testng.org.GroupOfGroup -->
