<?xml version="1.0" encoding="UTF-8"?>
<!-- Generated by org.testng.reporters.JUnitReportReporter -->
<testsuite hostname="DESKTOP-98LH4AI" failures="0" tests="3" name="com.testng.org.ParallelTest" time="29.728" errors="0" timestamp="05 Mar 2021 04:24:55 GMT" skipped="0">
  <testcase classname="com.testng.org.ParallelTest" name="amazon" time="9.318"/>
  <testcase classname="com.testng.org.ParallelTest" name="facebook" time="8.038"/>
  <testcase classname="com.testng.org.ParallelTest" name="google" time="12.372"/>
</testsuite> <!-- com.testng.org.ParallelTest -->
