<?xml version="1.0" encoding="UTF-8"?>
<!-- Generated by org.testng.reporters.JUnitReportReporter -->
<testsuite hostname="DESKTOP-98LH4AI" failures="0" tests="15" name="com.testng.org.Invocation_Test" time="0.073" errors="0" timestamp="03 Mar 2021 07:05:17 GMT" skipped="0">
  <testcase classname="com.testng.org.Invocation_Test" name="login" time="0.003"/>
  <testcase classname="com.testng.org.Invocation_Test" name="searchLaptop" time="0.005"/>
  <testcase classname="com.testng.org.Invocation_Test" name="searchLaptop" time="0.002"/>
  <testcase classname="com.testng.org.Invocation_Test" name="searchLaptop" time="0.001"/>
  <testcase classname="com.testng.org.Invocation_Test" name="searchLaptop" time="0.010"/>
  <testcase classname="com.testng.org.Invocation_Test" name="logout" time="0.003"/>
  <testcase classname="com.testng.org.Invocation_Test" name="searchLaptop" time="0.002"/>
  <testcase classname="com.testng.org.Invocation_Test" name="searchLaptop" time="0.003"/>
  <testcase classname="com.testng.org.Invocation_Test" name="searchMobiles" time="0.002"/>
  <testcase classname="com.testng.org.Invocation_Test" name="searchLaptop" time="0.002"/>
  <testcase classname="com.testng.org.Invocation_Test" name="searchLaptop" time="0.006"/>
  <testcase classname="com.testng.org.Invocation_Test" name="browserLaunch" time="0.004"/>
  <testcase classname="com.testng.org.Invocation_Test" name="browserClose" time="0.017"/>
  <testcase classname="com.testng.org.Invocation_Test" name="searchLaptop" time="0.002"/>
  <testcase classname="com.testng.org.Invocation_Test" name="searchLaptop" time="0.011"/>
</testsuite> <!-- com.testng.org.Invocation_Test -->
