<?xml version="1.0" encoding="UTF-8"?>
<!-- Generated by org.testng.reporters.JUnitReportReporter -->
<testsuite hostname="DESKTOP-98LH4AI" failures="0" tests="5" name="com.testng.org.Ignore_Test" time="0.031" errors="0" timestamp="03 Mar 2021 06:53:44 GMT" skipped="0">
  <testcase classname="com.testng.org.Ignore_Test" name="login" time="0.001"/>
  <testcase classname="com.testng.org.Ignore_Test" name="searchMobiles" time="0.008"/>
  <testcase classname="com.testng.org.Ignore_Test" name="logout" time="0.004"/>
  <testcase classname="com.testng.org.Ignore_Test" name="browserLaunch" time="0.002"/>
  <testcase classname="com.testng.org.Ignore_Test" name="browserClose" time="0.016"/>
</testsuite> <!-- com.testng.org.Ignore_Test -->
