<?xml version="1.0" encoding="UTF-8"?>
<!-- Generated by org.testng.reporters.JUnitReportReporter -->
<testsuite hostname="DESKTOP-98LH4AI" failures="0" tests="1" name="com.testng.org.ParameterTest" time="0.031" errors="0" timestamp="05 Mar 2021 04:47:21 GMT" skipped="0">
  <testcase classname="com.testng.org.ParameterTest" name="credential" time="0.031"/>
</testsuite> <!-- com.testng.org.ParameterTest -->
