<?xml version="1.0" encoding="UTF-8"?>
<!-- Generated by org.testng.reporters.JUnitReportReporter -->
<testsuite hostname="DESKTOP-98LH4AI" failures="0" tests="1" name="com.mavenproject.org.ProjectMaven.SimpleAnnotation" time="0.018" errors="0" timestamp="03 Mar 2021 06:05:24 GMT" skipped="0">
  <testcase classname="com.mavenproject.org.ProjectMaven.SimpleAnnotation" name="SearchLaptop" time="0.018"/>
</testsuite> <!-- com.mavenproject.org.ProjectMaven.SimpleAnnotation -->
