<?xml version="1.0" encoding="UTF-8"?>
<!-- Generated by org.testng.reporters.JUnitReportReporter -->
<testsuite hostname="DESKTOP-98LH4AI" failures="0" tests="3" name="com.testng.org.CrossBrowser" time="193.791" errors="0" timestamp="05 Mar 2021 04:35:21 GMT" skipped="0">
  <testcase classname="com.testng.org.CrossBrowser" name="firefox" time="75.142"/>
  <testcase classname="com.testng.org.CrossBrowser" name="ie" time="108.486"/>
  <testcase classname="com.testng.org.CrossBrowser" name="chrome" time="10.163"/>
</testsuite> <!-- com.testng.org.CrossBrowser -->
