<?xml version="1.0" encoding="UTF-8"?>
<!-- Generated by org.testng.reporters.JUnitReportReporter -->
<testsuite hostname="DESKTOP-98LH4AI" failures="0" tests="4" name="com.testng.org.GroupingTest" time="0.018" errors="0" timestamp="04 Mar 2021 05:04:38 GMT" skipped="0">
  <testcase classname="com.testng.org.GroupingTest" name="fatherName" time="0.002"/>
  <testcase classname="com.testng.org.GroupingTest" name="PGdegree" time="0.013"/>
  <testcase classname="com.testng.org.GroupingTest" name="UGdegree" time="0.002"/>
  <testcase classname="com.testng.org.GroupingTest" name="name" time="0.001"/>
</testsuite> <!-- com.testng.org.GroupingTest -->
