<?xml version="1.0" encoding="UTF-8"?>
<!-- Generated by org.testng.reporters.JUnitReportReporter -->
<testsuite hostname="DESKTOP-98LH4AI" failures="0" tests="4" name="com.testng.org.DataproviderTest" time="0.022" errors="0" timestamp="05 Mar 2021 04:55:15 GMT" skipped="0">
  <testcase classname="com.testng.org.DataproviderTest" name="credential" time="0.004"/>
  <testcase classname="com.testng.org.DataproviderTest" name="credential" time="0.002"/>
  <testcase classname="com.testng.org.DataproviderTest" name="credential" time="0.002"/>
  <testcase classname="com.testng.org.DataproviderTest" name="credential" time="0.014"/>
</testsuite> <!-- com.testng.org.DataproviderTest -->
