<?xml version="1.0" encoding="UTF-8"?>
<!-- Generated by org.testng.reporters.JUnitReportReporter -->
<testsuite hostname="DESKTOP-98LH4AI" failures="0" tests="6" name="com.testng.org.Priority_Test" time="0.031" errors="0" timestamp="03 Mar 2021 07:00:11 GMT" skipped="0">
  <testcase classname="com.testng.org.Priority_Test" name="browserLaunch" time="0.018"/>
  <testcase classname="com.testng.org.Priority_Test" name="searchMobiles" time="0.003"/>
  <testcase classname="com.testng.org.Priority_Test" name="login" time="0.003"/>
  <testcase classname="com.testng.org.Priority_Test" name="browserClose" time="0.002"/>
  <testcase classname="com.testng.org.Priority_Test" name="searchLaptop" time="0.002"/>
  <testcase classname="com.testng.org.Priority_Test" name="logout" time="0.003"/>
</testsuite> <!-- com.testng.org.Priority_Test -->
